<?xml version="1.0" encoding="UTF-8"?>
<!-- Generated by org.testng.reporters.JUnitReportReporter -->
<testsuite hostname="Purvin" failures="0" tests="3" name="sel.TestNew" time="0.005" errors="0" timestamp="2023-04-20T14:12:11 EDT" skipped="0">
  <testcase classname="sel.TestNew" name="Writetestcases" time="0.001"/>
  <system-out/>
  <testcase classname="sel.TestNew" name="executetestcases" time="0.002"/>
  <system-out/>
  <testcase classname="sel.TestNew" name="Defect" time="0.002"/>
  <system-out/>
</testsuite> <!-- sel.TestNew -->
