<?xml version="1.0" encoding="UTF-8"?>
<!-- Generated by org.testng.reporters.JUnitReportReporter -->
<testsuite hostname="Purvin" failures="0" tests="2" name="sel.Testn" time="0.012" errors="0" timestamp="2023-04-20T14:12:11 EDT" skipped="0">
  <testcase classname="sel.Testn" name="validfname" time="0.003"/>
  <system-out/>
  <testcase classname="sel.Testn" name="invalidfname" time="0.009"/>
  <system-out/>
</testsuite> <!-- sel.Testn -->
